<?xml version="1.0" encoding="UTF-8"?>
<!-- Generated by org.testng.reporters.JUnitXMLReporter -->
<testsuite hostname="Manda-VAIO" name="Default test" tests="3" failures="0" timestamp="24 Jan 2015 13:25:04 GMT" time="0.164" errors="0">
  <testcase name="testRegistration" time="0.063" classname="test.DataProvider_YahooRegistration"/>
  <testcase name="testRegistration" time="0.002" classname="test.DataProvider_YahooRegistration"/>
  <testcase name="testRegistration" time="0.002" classname="test.DataProvider_YahooRegistration"/>
</testsuite> <!-- Default test -->
