<?xml version="1.0" encoding="UTF-8"?>
<!-- Generated by org.testng.reporters.JUnitXMLReporter -->
<testsuite hostname="Manda-VAIO" name="Testing Data Provider" tests="3" failures="0" timestamp="17 Jan 2015 18:55:17 GMT" time="0.01" errors="0">
  <testcase name="testRegistration" time="0.001" classname="test.DataProvider_YahooRegistration"/>
  <testcase name="testRegistration" time="0.001" classname="test.DataProvider_YahooRegistration"/>
  <testcase name="testRegistration" time="0.001" classname="test.DataProvider_YahooRegistration"/>
</testsuite> <!-- Testing Data Provider -->
